f:\영상처리20191373\imgproc_20191373\imgproc_20191373\x64\debug\imgproc_20191373.exe
f:\영상처리20191373\imgproc_20191373\imgproc_20191373\x64\debug\imgproc_20191373.ilk
f:\영상처리20191373\imgproc_20191373\imgproc_20191373\x64\debug\imgproc_20191373.pdb
f:\영상처리20191373\imgproc_20191373\imgproc_20191373\x64\debug\imgproc_20191373.pch
f:\영상처리20191373\imgproc_20191373\imgproc_20191373\x64\debug\vc143.pdb
f:\영상처리20191373\imgproc_20191373\imgproc_20191373\x64\debug\vc143.idb
f:\영상처리20191373\imgproc_20191373\imgproc_20191373\x64\debug\pch.obj
f:\영상처리20191373\imgproc_20191373\imgproc_20191373\x64\debug\mainfrm.obj
f:\영상처리20191373\imgproc_20191373\imgproc_20191373\x64\debug\imgproc_20191373view.obj
f:\영상처리20191373\imgproc_20191373\imgproc_20191373\x64\debug\imgproc_20191373.obj
f:\영상처리20191373\imgproc_20191373\imgproc_20191373\x64\debug\imgproc_20191373doc.obj
f:\영상처리20191373\imgproc_20191373\imgproc_20191373\x64\debug\childfrm.obj
f:\영상처리20191373\imgproc_20191373\imgproc_20191373\x64\debug\imgproc20191373.res
f:\영상처리20191373\imgproc_20191373\imgproc_20191373\x64\debug\imgproc_20191373.tlog\link.read.2.tlog
f:\영상처리20191373\imgproc_20191373\imgproc_20191373\x64\debug\imgproc_20191373.tlog\link.command.1.tlog
f:\영상처리20191373\imgproc_20191373\imgproc_20191373\x64\debug\imgproc_20191373.tlog\link.write.1.tlog
f:\영상처리20191373\imgproc_20191373\imgproc_20191373\x64\debug\imgproc_20191373.tlog\cl.read.1.tlog
f:\영상처리20191373\imgproc_20191373\imgproc_20191373\x64\debug\imgproc_20191373.tlog\cl.write.1.tlog
f:\영상처리20191373\imgproc_20191373\imgproc_20191373\x64\debug\imgproc_20191373.tlog\cl.command.1.tlog
f:\영상처리20191373\imgproc_20191373\imgproc_20191373\x64\debug\imgproc_20191373.tlog\rc.read.1.tlog
f:\영상처리20191373\imgproc_20191373\imgproc_20191373\x64\debug\imgproc_20191373.tlog\rc.write.1.tlog
f:\영상처리20191373\imgproc_20191373\imgproc_20191373\x64\debug\imgproc_20191373.tlog\rc.command.1.tlog
f:\영상처리20191373\imgproc_20191373\imgproc_20191373\x64\debug\imgproc_20191373.tlog\cl.items.tlog
